Start testing: Nov 26 17:17 EST
----------------------------------------------------------
1/1 Testing: todotest
1/1 Test: todotest
Command: "/home/arkin/cpp/test/build/todo_exe"
Directory: /home/arkin/cpp/test/build
"todotest" start time: Nov 26 17:17 EST
Output:
----------------------------------------------------------
I am todo function (constructor)
test passed
hello world!
output_test
5
PI=3.14159
I am ~todo constructor
<end of output>
Test time =   0.00 sec
----------------------------------------------------------
Test Passed.
"todotest" end time: Nov 26 17:17 EST
"todotest" time elapsed: 00:00:00
----------------------------------------------------------

End testing: Nov 26 17:17 EST
